<?xml version="1.0" encoding="UTF-8"?>
<!-- Generated by org.testng.reporters.JUnitXMLReporter -->
<testsuite ignored="1" hostname="Dell-pc" failures="0" tests="2" name="DisableTestNg Test" time="0.024" errors="0" timestamp="2022-07-30T10:26:27 IST">
  <testcase classname="TestNgAnnotation.DisableTestNg" name="Test1" time="0.003"/>
  <testcase classname="TestNgAnnotation.DisableTestNg" name="Test3" time="0.006"/>
  <testcase classname="TestNgAnnotation.DisableTestNg" name="Test2" time="0.0">
    <ignored/>
  </testcase> <!-- Test2 -->
</testsuite> <!-- DisableTestNg Test -->
