<?xml version="1.0" encoding="UTF-8"?>
<!-- Generated by org.testng.reporters.JUnitXMLReporter -->
<testsuite ignored="0" hostname="Dell-pc" failures="0" tests="3" name=" group Test" time="0.162" errors="0" timestamp="2022-07-30T10:03:35 IST">
  <testcase classname="TestNgAnnotation.GrouptestNgTest" name="CreateAccountTest" time="0.026"/>
  <testcase classname="TestNgAnnotation.GrouptestNgTest" name="loginTest" time="0.003"/>
  <testcase classname="TestNgAnnotation.GrouptestNgTest" name="register" time="0.003"/>
</testsuite> <!--  group Test -->
